17:57:43 **** Build of configuration Debug for project Bloom-Test ****
make all 
Building file: ../src/Bloom-Test.cpp
Invoking: GCC C++ Compiler
g++ -I/Users/niteshturaga/Documents/BenLangmeadResearch/BloomFilter/bloom-read-only -O0 -g3 -Wall -c -fmessage-length=0 -MMD -MP -MF"src/Bloom-Test.d" -MT"src/Bloom-Test.d" -o "src/Bloom-Test.o" "../src/Bloom-Test.cpp"
Finished building: ../src/Bloom-Test.cpp
 
Building target: Bloom-Test
Invoking: MacOS X C++ Linker
g++  -o "Bloom-Test"  ./src/Bloom-Test.o   
Finished building target: Bloom-Test
 
17:58:02 **** Incremental Build of configuration Debug for project Bloom-Test ****
make all 
make: Nothing to be done for `all'.
18:01:45 **** Incremental Build of configuration Debug for project Bloom-Test ****
make all 
Building file: ../src/Bloom-Test.cpp
Invoking: GCC C++ Compiler
g++ -I/Users/niteshturaga/Documents/BenLangmeadResearch/BloomFilter/bloom-read-only -O0 -g3 -Wall -c -fmessage-length=0 -MMD -MP -MF"src/Bloom-Test.d" -MT"src/Bloom-Test.d" -o "src/Bloom-Test.o" "../src/Bloom-Test.cpp"
Finished building: ../src/Bloom-Test.cpp
 
Building target: Bloom-Test
Invoking: MacOS X C++ Linker
g++  -o "Bloom-Test"  ./src/Bloom-Test.o   
Finished building target: Bloom-Test
 
23:43:50 **** Build of configuration Debug for project Bloom-Test ****
make all 
Building file: ../src/kmers.cpp
Invoking: GCC C++ Compiler
g++ -I/Users/niteshturaga/Documents/BenLangmeadResearch/BloomFilter/bloom-read-only -O0 -g3 -Wall -c -fmessage-length=0 -MMD -MP -MF"src/kmers.d" -MT"src/kmers.d" -o "src/kmers.o" "../src/kmers.cpp"
Finished building: ../src/kmers.cpp
 
Building target: Bloom-Test
Invoking: MacOS X C++ Linker
g++  -o "Bloom-Test"  ./src/Bloom-Test.o ./src/kmers.o   
duplicate symbol _main in:
    ./src/Bloom-Test.o
    ./src/kmers.o
ld: 1 duplicate symbol for architecture x86_64
clang: error: linker command failed with exit code 1 (use -v to see invocation)
make: *** [Bloom-Test] Error 1
23:44:20 **** Incremental Build of configuration Debug for project Bloom-Test ****
make all 
Building file: ../src/kmers.cpp
Invoking: GCC C++ Compiler
g++ -I/Users/niteshturaga/Documents/BenLangmeadResearch/BloomFilter/bloom-read-only -O0 -g3 -Wall -c -fmessage-length=0 -MMD -MP -MF"src/kmers.d" -MT"src/kmers.d" -o "src/kmers.o" "../src/kmers.cpp"
Finished building: ../src/kmers.cpp
 
Building target: Bloom-Test
Invoking: MacOS X C++ Linker
g++  -o "Bloom-Test"  ./src/Bloom-Test.o ./src/kmers.o   
duplicate symbol _main in:
    ./src/Bloom-Test.o
    ./src/kmers.o
ld: 1 duplicate symbol for architecture x86_64
clang: error: linker command failed with exit code 1 (use -v to see invocation)
make: *** [Bloom-Test] Error 1
09:48:41 **** Incremental Build of configuration Debug for project Bloom-Test ****
make all 
Building file: ../src/kmers.cpp
Invoking: GCC C++ Compiler
g++ -I/Users/niteshturaga/Documents/BenLangmeadResearch/BloomFilter/bloom-read-only -O0 -g3 -Wall -c -fmessage-length=0 -MMD -MP -MF"src/kmers.d" -MT"src/kmers.d" -o "src/kmers.o" "../src/kmers.cpp"
Finished building: ../src/kmers.cpp
 
Building target: Bloom-Test
Invoking: MacOS X C++ Linker
g++  -o "Bloom-Test"  ./src/Bloom-Test.o ./src/kmers.o   
duplicate symbol _main in:
    ./src/Bloom-Test.o
    ./src/kmers.o
ld: 1 duplicate symbol for architecture x86_64
clang: error: linker command failed with exit code 1 (use -v to see invocation)
make: *** [Bloom-Test] Error 1
09:49:01 **** Incremental Build of configuration Debug for project Bloom-Test ****
make all 
Building target: Bloom-Test
Invoking: MacOS X C++ Linker
g++  -o "Bloom-Test"  ./src/Bloom-Test.o ./src/kmers.o   
duplicate symbol _main in:
    ./src/Bloom-Test.o
    ./src/kmers.o
ld: 1 duplicate symbol for architecture x86_64
clang: error: linker command failed with exit code 1 (use -v to see invocation)
make: *** [Bloom-Test] Error 1
09:50:23 **** Incremental Build of configuration Debug for project Bloom-Test ****
make all 
Building target: Bloom-Test
Invoking: MacOS X C++ Linker
g++  -o "Bloom-Test"  ./src/Bloom-Test.o   
Finished building target: Bloom-Test
 
09:52:04 **** Incremental Build of configuration Debug for project Bloom-Test ****
make all 
Building file: ../src/Bloom-Test.cpp
Invoking: GCC C++ Compiler
g++ -I/Users/niteshturaga/Documents/BenLangmeadResearch/BloomFilter/bloom-read-only -O0 -g3 -Wall -c -fmessage-length=0 -MMD -MP -MF"src/Bloom-Test.d" -MT"src/Bloom-Test.d" -o "src/Bloom-Test.o" "../src/Bloom-Test.cpp"
Finished building: ../src/Bloom-Test.cpp
 
Building target: Bloom-Test
Invoking: MacOS X C++ Linker
g++  -o "Bloom-Test"  ./src/Bloom-Test.o   
Finished building target: Bloom-Test
 
